  SeptVersion.cpp
c:\users\srini\desktop\dp ra\pic\septversion.cpp(334): warning C4244: '=': conversion from 'double' to 'int', possible loss of data
c:\users\srini\desktop\dp ra\pic\septversion.cpp(335): warning C4244: '=': conversion from 'double' to 'int', possible loss of data
c:\users\srini\desktop\dp ra\pic\septversion.cpp(359): warning C4244: '=': conversion from 'double' to 'int', possible loss of data
c:\users\srini\desktop\dp ra\pic\septversion.cpp(360): warning C4244: '=': conversion from 'double' to 'int', possible loss of data
c:\users\srini\desktop\dp ra\pic\septversion.cpp(372): warning C4244: '=': conversion from 'double' to 'int', possible loss of data
c:\users\srini\desktop\dp ra\pic\septversion.cpp(405): warning C4018: '<': signed/unsigned mismatch
c:\users\srini\desktop\dp ra\pic\septversion.cpp(420): warning C4018: '<': signed/unsigned mismatch
c:\users\srini\desktop\dp ra\pic\septversion.cpp(450): warning C4018: '<': signed/unsigned mismatch
c:\users\srini\desktop\dp ra\pic\septversion.cpp(453): warning C4244: '=': conversion from 'double' to 'int', possible loss of data
c:\users\srini\desktop\dp ra\pic\septversion.cpp(483): warning C4018: '<': signed/unsigned mismatch
c:\users\srini\desktop\dp ra\pic\septversion.cpp(486): warning C4244: '=': conversion from 'double' to 'int', possible loss of data
c:\users\srini\desktop\dp ra\pic\septversion.cpp(506): warning C4018: '<': signed/unsigned mismatch
c:\users\srini\desktop\dp ra\pic\septversion.cpp(509): warning C4244: '=': conversion from 'double' to 'int', possible loss of data
c:\users\srini\desktop\dp ra\pic\septversion.cpp(904): warning C4018: '>=': signed/unsigned mismatch
c:\users\srini\desktop\dp ra\pic\septversion.cpp(907): warning C4018: '>=': signed/unsigned mismatch
c:\users\srini\desktop\dp ra\pic\septversion.cpp(937): warning C4018: '>=': signed/unsigned mismatch
c:\users\srini\desktop\dp ra\pic\septversion.cpp(940): warning C4018: '>=': signed/unsigned mismatch
c:\users\srini\desktop\dp ra\pic\septversion.cpp(1379): warning C4244: '+=': conversion from 'double' to 'int', possible loss of data
c:\users\srini\desktop\dp ra\pic\septversion.cpp(1385): warning C4244: '+=': conversion from 'double' to 'int', possible loss of data
c:\users\srini\desktop\dp ra\pic\septversion.cpp(1391): warning C4244: '+=': conversion from 'double' to 'int', possible loss of data
c:\users\srini\desktop\dp ra\pic\septversion.cpp(1396): warning C4244: '+=': conversion from 'double' to 'int', possible loss of data
c:\users\srini\desktop\dp ra\pic\septversion.cpp(1399): warning C4244: '+=': conversion from 'double' to 'int', possible loss of data
c:\users\srini\desktop\dp ra\pic\septversion.cpp(1826): warning C4554: '&': check operator precedence for possible error; use parentheses to clarify precedence
c:\users\srini\desktop\dp ra\pic\septversion.cpp(1839): warning C4554: '&': check operator precedence for possible error; use parentheses to clarify precedence
c:\users\srini\desktop\dp ra\pic\septversion.cpp(1855): warning C4244: 'initializing': conversion from 'double' to 'unsigned int', possible loss of data
c:\users\srini\desktop\dp ra\pic\septversion.cpp(1859): warning C4244: 'initializing': conversion from 'double' to 'unsigned int', possible loss of data
c:\users\srini\desktop\dp ra\pic\septversion.cpp(2055): warning C4244: 'initializing': conversion from 'double' to 'unsigned int', possible loss of data
c:\users\srini\desktop\dp ra\pic\septversion.cpp(2072): warning C4244: 'initializing': conversion from 'double' to 'unsigned int', possible loss of data
c:\users\srini\desktop\dp ra\pic\septversion.cpp(2119): warning C4244: '+=': conversion from 'double' to 'int', possible loss of data
c:\users\srini\desktop\dp ra\pic\septversion.cpp(2134): warning C4244: '+=': conversion from 'double' to 'int', possible loss of data
  PIC.vcxproj -> C:\Users\srini\Desktop\DP RA\PIC\Debug\PIC.exe
